{"/Users/davidrobert/Documents/dev/arkesys-tests-tdd/src/config/app.ts": {"path":"/Users/davidrobert/Documents/dev/arkesys-tests-tdd/src/config/app.ts","statementMap":{"0":{"start":{"line":2,"column":13},"end":{"line":2,"column":28}},"1":{"start":{"line":3,"column":24},"end":{"line":3,"column":70}},"2":{"start":{"line":6,"column":16},"end":{"line":6,"column":25}},"3":{"start":{"line":7,"column":4},"end":{"line":7,"column":20}},"4":{"start":{"line":8,"column":4},"end":{"line":8,"column":28}},"5":{"start":{"line":10,"column":4},"end":{"line":12,"column":7}},"6":{"start":{"line":11,"column":8},"end":{"line":11,"column":23}},"7":{"start":{"line":13,"column":4},"end":{"line":13,"column":43}},"8":{"start":{"line":15,"column":4},"end":{"line":15,"column":15}}},"fnMap":{"0":{"name":"buildApp","decl":{"start":{"line":5,"column":16},"end":{"line":5,"column":24}},"loc":{"start":{"line":5,"column":27},"end":{"line":16,"column":1}},"line":5},"1":{"name":"(anonymous_1)","decl":{"start":{"line":10,"column":27},"end":{"line":10,"column":28}},"loc":{"start":{"line":10,"column":59},"end":{"line":12,"column":5}},"line":10}},"branchMap":{},"s":{"0":2,"1":2,"2":0,"3":0,"4":0,"5":0,"6":0,"7":0,"8":0},"f":{"0":0,"1":0},"b":{},"_coverageSchema":"1a1c01bbd47fc00a2c39e90264f33305004495a9","hash":"0d43c0652c68371fb7190e0573a272ba4fad65c1"}
,"/Users/davidrobert/Documents/dev/arkesys-tests-tdd/src/config/db.config.ts": {"path":"/Users/davidrobert/Documents/dev/arkesys-tests-tdd/src/config/db.config.ts","statementMap":{"0":{"start":{"line":5,"column":0},"end":{"line":5,"column":31}},"1":{"start":{"line":7,"column":23},"end":{"line":18,"column":2}}},"fnMap":{},"branchMap":{},"s":{"0":2,"1":2},"f":{},"b":{},"_coverageSchema":"1a1c01bbd47fc00a2c39e90264f33305004495a9","hash":"9d4aee3e85e52478713b5bec88db4731ba345e44"}
,"/Users/davidrobert/Documents/dev/arkesys-tests-tdd/src/module/order/application/add-item-to-order.use-case.ts": {"path":"/Users/davidrobert/Documents/dev/arkesys-tests-tdd/src/module/order/application/add-item-to-order.use-case.ts","statementMap":{"0":{"start":{"line":14,"column":43},"end":{"line":14,"column":64}},"1":{"start":{"line":17,"column":8},"end":{"line":45,"column":9}},"2":{"start":{"line":18,"column":26},"end":{"line":18,"column":73}},"3":{"start":{"line":20,"column":12},"end":{"line":22,"column":13}},"4":{"start":{"line":21,"column":16},"end":{"line":21,"column":70}},"5":{"start":{"line":24,"column":12},"end":{"line":31,"column":13}},"6":{"start":{"line":25,"column":16},"end":{"line":25,"column":45}},"7":{"start":{"line":28,"column":16},"end":{"line":30,"column":17}},"8":{"start":{"line":29,"column":20},"end":{"line":29,"column":51}},"9":{"start":{"line":34,"column":12},"end":{"line":42,"column":13}},"10":{"start":{"line":35,"column":16},"end":{"line":35,"column":55}},"11":{"start":{"line":37,"column":16},"end":{"line":39,"column":17}},"12":{"start":{"line":38,"column":20},"end":{"line":38,"column":78}},"13":{"start":{"line":41,"column":16},"end":{"line":41,"column":84}},"14":{"start":{"line":44,"column":12},"end":{"line":44,"column":25}},"15":{"start":{"line":47,"column":31},"end":{"line":47,"column":55}},"16":{"start":{"line":49,"column":8},"end":{"line":59,"column":9}},"17":{"start":{"line":50,"column":26},"end":{"line":50,"column":73}},"18":{"start":{"line":51,"column":12},"end":{"line":51,"column":25}},"19":{"start":{"line":53,"column":12},"end":{"line":56,"column":13}},"20":{"start":{"line":54,"column":16},"end":{"line":54,"column":70}},"21":{"start":{"line":55,"column":16},"end":{"line":55,"column":74}},"22":{"start":{"line":58,"column":12},"end":{"line":58,"column":80}}},"fnMap":{"0":{"name":"(anonymous_0)","decl":{"start":{"line":9,"column":4},"end":{"line":9,"column":5}},"loc":{"start":{"line":9,"column":76},"end":{"line":9,"column":78}},"line":9},"1":{"name":"(anonymous_1)","decl":{"start":{"line":11,"column":4},"end":{"line":11,"column":5}},"loc":{"start":{"line":11,"column":80},"end":{"line":63,"column":5}},"line":11}},"branchMap":{"0":{"loc":{"start":{"line":17,"column":8},"end":{"line":45,"column":9}},"type":"if","locations":[{"start":{"line":17,"column":8},"end":{"line":45,"column":9}},{"start":{},"end":{}}],"line":17},"1":{"loc":{"start":{"line":20,"column":12},"end":{"line":22,"column":13}},"type":"if","locations":[{"start":{"line":20,"column":12},"end":{"line":22,"column":13}},{"start":{},"end":{}}],"line":20},"2":{"loc":{"start":{"line":28,"column":16},"end":{"line":30,"column":17}},"type":"if","locations":[{"start":{"line":28,"column":16},"end":{"line":30,"column":17}},{"start":{},"end":{}}],"line":28},"3":{"loc":{"start":{"line":37,"column":16},"end":{"line":39,"column":17}},"type":"if","locations":[{"start":{"line":37,"column":16},"end":{"line":39,"column":17}},{"start":{},"end":{}}],"line":37},"4":{"loc":{"start":{"line":53,"column":12},"end":{"line":56,"column":13}},"type":"if","locations":[{"start":{"line":53,"column":12},"end":{"line":56,"column":13}},{"start":{},"end":{}}],"line":53}},"s":{"0":1,"1":1,"2":0,"3":0,"4":0,"5":0,"6":0,"7":0,"8":0,"9":0,"10":0,"11":0,"12":0,"13":0,"14":0,"15":1,"16":1,"17":1,"18":1,"19":0,"20":0,"21":0,"22":0},"f":{"0":1,"1":1},"b":{"0":[0,1],"1":[0,0],"2":[0,0],"3":[0,0],"4":[0,0]},"_coverageSchema":"1a1c01bbd47fc00a2c39e90264f33305004495a9","hash":"9f46f3b349ea60cf8c86f33329e597d6cc6f8630"}
,"/Users/davidrobert/Documents/dev/arkesys-tests-tdd/src/module/order/domain/order-item.entity.ts": {"path":"/Users/davidrobert/Documents/dev/arkesys-tests-tdd/src/module/order/domain/order-item.entity.ts","statementMap":{"0":{"start":{"line":16,"column":23},"end":{"line":16,"column":28}},"1":{"start":{"line":16,"column":39},"end":{"line":16,"column":50}}},"fnMap":{"0":{"name":"(anonymous_0)","decl":{"start":{"line":16,"column":15},"end":{"line":16,"column":16}},"loc":{"start":{"line":16,"column":23},"end":{"line":16,"column":28}},"line":16},"1":{"name":"(anonymous_1)","decl":{"start":{"line":16,"column":30},"end":{"line":16,"column":31}},"loc":{"start":{"line":16,"column":39},"end":{"line":16,"column":50}},"line":16}},"branchMap":{},"s":{"0":0,"1":0},"f":{"0":0,"1":0},"b":{},"_coverageSchema":"1a1c01bbd47fc00a2c39e90264f33305004495a9","hash":"699eb3620e9a229516e8393c449dbb05d8429228"}
,"/Users/davidrobert/Documents/dev/arkesys-tests-tdd/src/module/order/domain/order.entity.ts": {"path":"/Users/davidrobert/Documents/dev/arkesys-tests-tdd/src/module/order/domain/order.entity.ts","statementMap":{"0":{"start":{"line":17,"column":23},"end":{"line":17,"column":32}},"1":{"start":{"line":17,"column":42},"end":{"line":17,"column":52}},"2":{"start":{"line":21,"column":8},"end":{"line":21,"column":36}},"3":{"start":{"line":22,"column":8},"end":{"line":22,"column":24}},"4":{"start":{"line":24,"column":8},"end":{"line":24,"column":36}},"5":{"start":{"line":29,"column":8},"end":{"line":31,"column":9}},"6":{"start":{"line":30,"column":12},"end":{"line":30,"column":63}},"7":{"start":{"line":34,"column":8},"end":{"line":36,"column":9}},"8":{"start":{"line":35,"column":12},"end":{"line":35,"column":63}},"9":{"start":{"line":38,"column":29},"end":{"line":38,"column":65}},"10":{"start":{"line":38,"column":51},"end":{"line":38,"column":64}},"11":{"start":{"line":40,"column":8},"end":{"line":43,"column":9}},"12":{"start":{"line":41,"column":12},"end":{"line":41,"column":46}},"13":{"start":{"line":42,"column":12},"end":{"line":42,"column":19}},"14":{"start":{"line":45,"column":24},"end":{"line":45,"column":39}},"15":{"start":{"line":46,"column":8},"end":{"line":46,"column":26}},"16":{"start":{"line":47,"column":8},"end":{"line":47,"column":36}},"17":{"start":{"line":49,"column":8},"end":{"line":49,"column":33}}},"fnMap":{"0":{"name":"(anonymous_0)","decl":{"start":{"line":17,"column":15},"end":{"line":17,"column":16}},"loc":{"start":{"line":17,"column":23},"end":{"line":17,"column":32}},"line":17},"1":{"name":"(anonymous_1)","decl":{"start":{"line":17,"column":34},"end":{"line":17,"column":35}},"loc":{"start":{"line":17,"column":42},"end":{"line":17,"column":52}},"line":17},"2":{"name":"(anonymous_2)","decl":{"start":{"line":20,"column":4},"end":{"line":20,"column":5}},"loc":{"start":{"line":20,"column":47},"end":{"line":25,"column":5}},"line":20},"3":{"name":"(anonymous_3)","decl":{"start":{"line":27,"column":4},"end":{"line":27,"column":5}},"loc":{"start":{"line":27,"column":43},"end":{"line":50,"column":5}},"line":27},"4":{"name":"(anonymous_4)","decl":{"start":{"line":38,"column":46},"end":{"line":38,"column":47}},"loc":{"start":{"line":38,"column":51},"end":{"line":38,"column":64}},"line":38}},"branchMap":{"0":{"loc":{"start":{"line":29,"column":8},"end":{"line":31,"column":9}},"type":"if","locations":[{"start":{"line":29,"column":8},"end":{"line":31,"column":9}},{"start":{},"end":{}}],"line":29},"1":{"loc":{"start":{"line":34,"column":8},"end":{"line":36,"column":9}},"type":"if","locations":[{"start":{"line":34,"column":8},"end":{"line":36,"column":9}},{"start":{},"end":{}}],"line":34},"2":{"loc":{"start":{"line":40,"column":8},"end":{"line":43,"column":9}},"type":"if","locations":[{"start":{"line":40,"column":8},"end":{"line":43,"column":9}},{"start":{},"end":{}}],"line":40}},"s":{"0":0,"1":0,"2":1,"3":1,"4":1,"5":1,"6":0,"7":1,"8":0,"9":1,"10":0,"11":1,"12":0,"13":0,"14":1,"15":1,"16":1,"17":1},"f":{"0":0,"1":0,"2":1,"3":1,"4":0},"b":{"0":[0,1],"1":[0,1],"2":[0,1]},"_coverageSchema":"1a1c01bbd47fc00a2c39e90264f33305004495a9","hash":"166789fb13730330f547aa3859c947789c293d4b"}
,"/Users/davidrobert/Documents/dev/arkesys-tests-tdd/src/module/order/infrastructure/order.in-memory-repository.ts": {"path":"/Users/davidrobert/Documents/dev/arkesys-tests-tdd/src/module/order/infrastructure/order.in-memory-repository.ts","statementMap":{"0":{"start":{"line":5,"column":20},"end":{"line":5,"column":44}},"1":{"start":{"line":9,"column":8},"end":{"line":9,"column":42}},"2":{"start":{"line":13,"column":8},"end":{"line":13,"column":40}},"3":{"start":{"line":14,"column":8},"end":{"line":14,"column":31}},"4":{"start":{"line":15,"column":8},"end":{"line":15,"column":21}}},"fnMap":{"0":{"name":"(anonymous_0)","decl":{"start":{"line":8,"column":4},"end":{"line":8,"column":5}},"loc":{"start":{"line":8,"column":57},"end":{"line":10,"column":5}},"line":8},"1":{"name":"(anonymous_1)","decl":{"start":{"line":12,"column":4},"end":{"line":12,"column":5}},"loc":{"start":{"line":12,"column":45},"end":{"line":16,"column":5}},"line":12}},"branchMap":{"0":{"loc":{"start":{"line":9,"column":15},"end":{"line":9,"column":41}},"type":"binary-expr","locations":[{"start":{"line":9,"column":15},"end":{"line":9,"column":33}},{"start":{"line":9,"column":37},"end":{"line":9,"column":41}}],"line":9}},"s":{"0":1,"1":0,"2":1,"3":1,"4":1},"f":{"0":0,"1":1},"b":{"0":[0,0]},"_coverageSchema":"1a1c01bbd47fc00a2c39e90264f33305004495a9","hash":"4f8b4198290ad4ddbd835bfa70bde70bfe20182d"}
,"/Users/davidrobert/Documents/dev/arkesys-tests-tdd/src/module/order/infrastructure/order.type-orm-repository.ts": {"path":"/Users/davidrobert/Documents/dev/arkesys-tests-tdd/src/module/order/infrastructure/order.type-orm-repository.ts","statementMap":{"0":{"start":{"line":11,"column":8},"end":{"line":11,"column":84}},"1":{"start":{"line":15,"column":8},"end":{"line":15,"column":69}},"2":{"start":{"line":19,"column":8},"end":{"line":19,"column":65}}},"fnMap":{"0":{"name":"(anonymous_0)","decl":{"start":{"line":10,"column":4},"end":{"line":10,"column":5}},"loc":{"start":{"line":10,"column":18},"end":{"line":12,"column":5}},"line":10},"1":{"name":"(anonymous_1)","decl":{"start":{"line":14,"column":4},"end":{"line":14,"column":5}},"loc":{"start":{"line":14,"column":50},"end":{"line":16,"column":5}},"line":14},"2":{"name":"(anonymous_2)","decl":{"start":{"line":18,"column":4},"end":{"line":18,"column":5}},"loc":{"start":{"line":18,"column":45},"end":{"line":20,"column":5}},"line":18}},"branchMap":{},"s":{"0":0,"1":0,"2":0},"f":{"0":0,"1":0,"2":0},"b":{},"_coverageSchema":"1a1c01bbd47fc00a2c39e90264f33305004495a9","hash":"75b83d682618d339734695869f6fd0c68f7d27e9"}
,"/Users/davidrobert/Documents/dev/arkesys-tests-tdd/src/module/order/ui/order.controller.ts": {"path":"/Users/davidrobert/Documents/dev/arkesys-tests-tdd/src/module/order/ui/order.controller.ts","statementMap":{"0":{"start":{"line":1,"column":16},"end":{"line":1,"column":34}},"1":{"start":{"line":2,"column":15},"end":{"line":2,"column":31}},"2":{"start":{"line":9,"column":0},"end":{"line":28,"column":3}},"3":{"start":{"line":12,"column":33},"end":{"line":12,"column":41}},"4":{"start":{"line":15,"column":35},"end":{"line":15,"column":63}},"5":{"start":{"line":16,"column":33},"end":{"line":16,"column":82}},"6":{"start":{"line":18,"column":4},"end":{"line":27,"column":5}},"7":{"start":{"line":19,"column":22},"end":{"line":19,"column":78}},"8":{"start":{"line":21,"column":8},"end":{"line":21,"column":24}},"9":{"start":{"line":22,"column":8},"end":{"line":22,"column":31}},"10":{"start":{"line":25,"column":24},"end":{"line":25,"column":84}},"11":{"start":{"line":26,"column":8},"end":{"line":26,"column":47}},"12":{"start":{"line":33,"column":0},"end":{"line":33,"column":24}}},"fnMap":{"0":{"name":"(anonymous_0)","decl":{"start":{"line":9,"column":17},"end":{"line":9,"column":18}},"loc":{"start":{"line":9,"column":56},"end":{"line":28,"column":1}},"line":9}},"branchMap":{"0":{"loc":{"start":{"line":25,"column":24},"end":{"line":25,"column":84}},"type":"cond-expr","locations":[{"start":{"line":25,"column":49},"end":{"line":25,"column":62}},{"start":{"line":25,"column":65},"end":{"line":25,"column":84}}],"line":25}},"s":{"0":2,"1":2,"2":2,"3":0,"4":0,"5":0,"6":0,"7":0,"8":0,"9":0,"10":0,"11":0,"12":2},"f":{"0":0},"b":{"0":[0,0]},"_coverageSchema":"1a1c01bbd47fc00a2c39e90264f33305004495a9","hash":"ca80ec72d5997f00eabdb3a94fb818ea5f572d7c"}
,"/Users/davidrobert/Documents/dev/arkesys-tests-tdd/tests/create-test-app.ts": {"path":"/Users/davidrobert/Documents/dev/arkesys-tests-tdd/tests/create-test-app.ts","statementMap":{"0":{"start":{"line":9,"column":30},"end":{"line":9,"column":82}},"1":{"start":{"line":10,"column":26},"end":{"line":10,"column":71}},"2":{"start":{"line":13,"column":4},"end":{"line":13,"column":49}},"3":{"start":{"line":14,"column":4},"end":{"line":14,"column":45}},"4":{"start":{"line":15,"column":4},"end":{"line":15,"column":49}},"5":{"start":{"line":16,"column":4},"end":{"line":16,"column":47}},"6":{"start":{"line":17,"column":4},"end":{"line":17,"column":62}},"7":{"start":{"line":19,"column":4},"end":{"line":19,"column":37}},"8":{"start":{"line":21,"column":16},"end":{"line":21,"column":26}},"9":{"start":{"line":23,"column":4},"end":{"line":23,"column":38}}},"fnMap":{"0":{"name":"createTestApp","decl":{"start":{"line":8,"column":22},"end":{"line":8,"column":35}},"loc":{"start":{"line":8,"column":38},"end":{"line":24,"column":1}},"line":8}},"branchMap":{},"s":{"0":2,"1":0,"2":0,"3":0,"4":0,"5":0,"6":0,"7":0,"8":0,"9":0},"f":{"0":2},"b":{},"_coverageSchema":"1a1c01bbd47fc00a2c39e90264f33305004495a9","hash":"4ccbe70512e76b11cbef31188593251f19aa9f6c"}
,"/Users/davidrobert/Documents/dev/arkesys-tests-tdd/tests/stop-test-app.ts": {"path":"/Users/davidrobert/Documents/dev/arkesys-tests-tdd/tests/stop-test-app.ts","statementMap":{"0":{"start":{"line":5,"column":27},"end":{"line":8,"column":1}},"1":{"start":{"line":6,"column":4},"end":{"line":6,"column":34}},"2":{"start":{"line":7,"column":4},"end":{"line":7,"column":35}}},"fnMap":{"0":{"name":"(anonymous_0)","decl":{"start":{"line":5,"column":27},"end":{"line":5,"column":28}},"loc":{"start":{"line":5,"column":77},"end":{"line":8,"column":1}},"line":5}},"branchMap":{},"s":{"0":2,"1":2,"2":0},"f":{"0":2},"b":{},"_coverageSchema":"1a1c01bbd47fc00a2c39e90264f33305004495a9","hash":"c5241f6d3dce3e0e14e078bc3cb78fff3346d17e"}
}
